{"D:\\Microverse Projects\\Review_ToDo_List\\src\\modules\\add.js": {"path":"D:\\Microverse Projects\\Review_ToDo_List\\src\\modules\\add.js","statementMap":{"0":{"start":{"line":3,"column":24},"end":{"line":3,"column":94}},"1":{"start":{"line":3,"column":37},"end":{"line":3,"column":94}},"2":{"start":{"line":4,"column":28},"end":{"line":4,"column":84}},"3":{"start":{"line":4,"column":34},"end":{"line":4,"column":84}},"4":{"start":{"line":10,"column":4},"end":{"line":10,"column":39}},"5":{"start":{"line":13,"column":14},"end":{"line":22,"column":3}},"6":{"start":{"line":14,"column":17},"end":{"line":18,"column":5}},"7":{"start":{"line":19,"column":4},"end":{"line":19,"column":26}},"8":{"start":{"line":20,"column":4},"end":{"line":20,"column":32}},"9":{"start":{"line":21,"column":4},"end":{"line":21,"column":23}},"10":{"start":{"line":24,"column":16},"end":{"line":42,"column":3}},"11":{"start":{"line":25,"column":4},"end":{"line":25,"column":39}},"12":{"start":{"line":26,"column":4},"end":{"line":26,"column":49}},"13":{"start":{"line":26,"column":30},"end":{"line":26,"column":47}},"14":{"start":{"line":27,"column":22},"end":{"line":27,"column":63}},"15":{"start":{"line":28,"column":4},"end":{"line":28,"column":29}},"16":{"start":{"line":29,"column":4},"end":{"line":41,"column":7}},"17":{"start":{"line":30,"column":6},"end":{"line":40,"column":8}},"18":{"start":{"line":44,"column":19},"end":{"line":52,"column":3}},"19":{"start":{"line":45,"column":26},"end":{"line":45,"column":72}},"20":{"start":{"line":45,"column":54},"end":{"line":45,"column":71}},"21":{"start":{"line":46,"column":4},"end":{"line":48,"column":7}},"22":{"start":{"line":47,"column":6},"end":{"line":47,"column":25}},"23":{"start":{"line":49,"column":4},"end":{"line":49,"column":35}},"24":{"start":{"line":50,"column":4},"end":{"line":50,"column":39}},"25":{"start":{"line":51,"column":4},"end":{"line":51,"column":23}},"26":{"start":{"line":54,"column":18},"end":{"line":59,"column":3}},"27":{"start":{"line":55,"column":17},"end":{"line":55,"column":61}},"28":{"start":{"line":55,"column":43},"end":{"line":55,"column":60}},"29":{"start":{"line":56,"column":4},"end":{"line":56,"column":27}},"30":{"start":{"line":57,"column":4},"end":{"line":57,"column":32}},"31":{"start":{"line":58,"column":4},"end":{"line":58,"column":23}},"32":{"start":{"line":61,"column":22},"end":{"line":67,"column":3}},"33":{"start":{"line":62,"column":29},"end":{"line":64,"column":5}},"34":{"start":{"line":63,"column":16},"end":{"line":63,"column":40}},"35":{"start":{"line":65,"column":4},"end":{"line":65,"column":38}},"36":{"start":{"line":66,"column":4},"end":{"line":66,"column":23}},"37":{"start":{"line":69,"column":13},"end":{"line":76,"column":3}},"38":{"start":{"line":70,"column":17},"end":{"line":70,"column":61}},"39":{"start":{"line":70,"column":43},"end":{"line":70,"column":60}},"40":{"start":{"line":71,"column":4},"end":{"line":73,"column":5}},"41":{"start":{"line":72,"column":6},"end":{"line":72,"column":38}},"42":{"start":{"line":74,"column":4},"end":{"line":74,"column":32}},"43":{"start":{"line":75,"column":4},"end":{"line":75,"column":23}}},"fnMap":{"0":{"name":"(anonymous_0)","decl":{"start":{"line":3,"column":24},"end":{"line":3,"column":25}},"loc":{"start":{"line":3,"column":37},"end":{"line":3,"column":94}},"line":3},"1":{"name":"(anonymous_1)","decl":{"start":{"line":4,"column":28},"end":{"line":4,"column":29}},"loc":{"start":{"line":4,"column":34},"end":{"line":4,"column":84}},"line":4},"2":{"name":"(anonymous_2)","decl":{"start":{"line":9,"column":2},"end":{"line":9,"column":3}},"loc":{"start":{"line":9,"column":16},"end":{"line":11,"column":3}},"line":9},"3":{"name":"(anonymous_3)","decl":{"start":{"line":13,"column":14},"end":{"line":13,"column":15}},"loc":{"start":{"line":13,"column":24},"end":{"line":22,"column":3}},"line":13},"4":{"name":"(anonymous_4)","decl":{"start":{"line":24,"column":16},"end":{"line":24,"column":17}},"loc":{"start":{"line":24,"column":22},"end":{"line":42,"column":3}},"line":24},"5":{"name":"(anonymous_5)","decl":{"start":{"line":26,"column":20},"end":{"line":26,"column":21}},"loc":{"start":{"line":26,"column":30},"end":{"line":26,"column":47}},"line":26},"6":{"name":"(anonymous_6)","decl":{"start":{"line":29,"column":23},"end":{"line":29,"column":24}},"loc":{"start":{"line":29,"column":33},"end":{"line":41,"column":5}},"line":29},"7":{"name":"(anonymous_7)","decl":{"start":{"line":44,"column":19},"end":{"line":44,"column":20}},"loc":{"start":{"line":44,"column":26},"end":{"line":52,"column":3}},"line":44},"8":{"name":"(anonymous_8)","decl":{"start":{"line":45,"column":44},"end":{"line":45,"column":45}},"loc":{"start":{"line":45,"column":54},"end":{"line":45,"column":71}},"line":45},"9":{"name":"(anonymous_9)","decl":{"start":{"line":46,"column":26},"end":{"line":46,"column":27}},"loc":{"start":{"line":46,"column":43},"end":{"line":48,"column":5}},"line":46},"10":{"name":"(anonymous_10)","decl":{"start":{"line":54,"column":18},"end":{"line":54,"column":19}},"loc":{"start":{"line":54,"column":32},"end":{"line":59,"column":3}},"line":54},"11":{"name":"(anonymous_11)","decl":{"start":{"line":55,"column":33},"end":{"line":55,"column":34}},"loc":{"start":{"line":55,"column":43},"end":{"line":55,"column":60}},"line":55},"12":{"name":"(anonymous_12)","decl":{"start":{"line":61,"column":22},"end":{"line":61,"column":23}},"loc":{"start":{"line":61,"column":28},"end":{"line":67,"column":3}},"line":61},"13":{"name":"(anonymous_13)","decl":{"start":{"line":63,"column":6},"end":{"line":63,"column":7}},"loc":{"start":{"line":63,"column":16},"end":{"line":63,"column":40}},"line":63},"14":{"name":"(anonymous_14)","decl":{"start":{"line":69,"column":13},"end":{"line":69,"column":14}},"loc":{"start":{"line":69,"column":27},"end":{"line":76,"column":3}},"line":69},"15":{"name":"(anonymous_15)","decl":{"start":{"line":70,"column":33},"end":{"line":70,"column":34}},"loc":{"start":{"line":70,"column":43},"end":{"line":70,"column":60}},"line":70}},"branchMap":{"0":{"loc":{"start":{"line":4,"column":34},"end":{"line":4,"column":84}},"type":"binary-expr","locations":[{"start":{"line":4,"column":34},"end":{"line":4,"column":78}},{"start":{"line":4,"column":82},"end":{"line":4,"column":84}}],"line":4},"1":{"loc":{"start":{"line":33,"column":48},"end":{"line":33,"column":88}},"type":"cond-expr","locations":[{"start":{"line":33,"column":65},"end":{"line":33,"column":74}},{"start":{"line":33,"column":77},"end":{"line":33,"column":88}}],"line":33},"2":{"loc":{"start":{"line":34,"column":74},"end":{"line":34,"column":132}},"type":"cond-expr","locations":[{"start":{"line":34,"column":91},"end":{"line":34,"column":115}},{"start":{"line":34,"column":118},"end":{"line":34,"column":132}}],"line":34},"3":{"loc":{"start":{"line":71,"column":4},"end":{"line":73,"column":5}},"type":"if","locations":[{"start":{"line":71,"column":4},"end":{"line":73,"column":5}},{"start":{},"end":{}}],"line":71}},"s":{"0":1,"1":9,"2":1,"3":13,"4":2,"5":2,"6":4,"7":4,"8":4,"9":4,"10":2,"11":9,"12":9,"13":2,"14":9,"15":9,"16":9,"17":10,"18":2,"19":2,"20":4,"21":2,"22":2,"23":2,"24":2,"25":2,"26":2,"27":1,"28":1,"29":1,"30":1,"31":1,"32":2,"33":1,"34":0,"35":1,"36":1,"37":2,"38":1,"39":1,"40":1,"41":1,"42":1,"43":1},"f":{"0":9,"1":13,"2":2,"3":4,"4":9,"5":2,"6":10,"7":2,"8":4,"9":2,"10":1,"11":1,"12":1,"13":0,"14":1,"15":1},"b":{"0":[13,2],"1":[1,9],"2":[1,9],"3":[1,0]},"_coverageSchema":"1a1c01bbd47fc00a2c39e90264f33305004495a9","hash":"98f445c7dff4b1318c7cf0189eb542fa5aefa4c0"}
}
