TN:
SF:src\modules\add.js
FN:3,(anonymous_0)
FN:4,(anonymous_1)
FN:9,(anonymous_2)
FN:13,(anonymous_3)
FN:24,(anonymous_4)
FN:26,(anonymous_5)
FN:29,(anonymous_6)
FN:44,(anonymous_7)
FN:45,(anonymous_8)
FN:46,(anonymous_9)
FN:54,(anonymous_10)
FN:55,(anonymous_11)
FN:61,(anonymous_12)
FN:63,(anonymous_13)
FN:69,(anonymous_14)
FN:70,(anonymous_15)
FNF:16
FNH:15
FNDA:9,(anonymous_0)
FNDA:13,(anonymous_1)
FNDA:2,(anonymous_2)
FNDA:4,(anonymous_3)
FNDA:9,(anonymous_4)
FNDA:2,(anonymous_5)
FNDA:10,(anonymous_6)
FNDA:2,(anonymous_7)
FNDA:4,(anonymous_8)
FNDA:2,(anonymous_9)
FNDA:1,(anonymous_10)
FNDA:1,(anonymous_11)
FNDA:1,(anonymous_12)
FNDA:0,(anonymous_13)
FNDA:1,(anonymous_14)
FNDA:1,(anonymous_15)
DA:3,9
DA:4,13
DA:10,2
DA:13,2
DA:14,4
DA:19,4
DA:20,4
DA:21,4
DA:24,2
DA:25,9
DA:26,9
DA:27,9
DA:28,9
DA:29,9
DA:30,10
DA:44,2
DA:45,4
DA:46,2
DA:47,2
DA:49,2
DA:50,2
DA:51,2
DA:54,2
DA:55,1
DA:56,1
DA:57,1
DA:58,1
DA:61,2
DA:62,1
DA:63,0
DA:65,1
DA:66,1
DA:69,2
DA:70,1
DA:71,1
DA:72,1
DA:74,1
DA:75,1
LF:38
LH:37
BRDA:4,0,0,13
BRDA:4,0,1,2
BRDA:33,1,0,1
BRDA:33,1,1,9
BRDA:34,2,0,1
BRDA:34,2,1,9
BRDA:71,3,0,1
BRDA:71,3,1,0
BRF:8
BRH:7
end_of_record
